<?xml version="1.0" encoding="UTF-8"?>
<testsuite name="com.bstarbackend.bstar.BstarApplicationTests" tests="1" skipped="0" failures="0" errors="0" timestamp="2023-02-14T12:50:48" hostname="DESKTOP-H3AF6MA" time="0.279">
  <properties/>
  <testcase name="contextLoads()" classname="com.bstarbackend.bstar.BstarApplicationTests" time="0.279"/>
  <system-out><![CDATA[21:50:38.339 [Test worker] DEBUG org.springframework.test.context.BootstrapUtils - Instantiating CacheAwareContextLoaderDelegate from class [org.springframework.test.context.cache.DefaultCacheAwareContextLoaderDelegate]
21:50:38.357 [Test worker] DEBUG org.springframework.test.context.BootstrapUtils - Instantiating BootstrapContext using constructor [public org.springframework.test.context.support.DefaultBootstrapContext(java.lang.Class,org.springframework.test.context.CacheAwareContextLoaderDelegate)]
21:50:38.410 [Test worker] DEBUG org.springframework.test.context.BootstrapUtils - Instantiating TestContextBootstrapper for test class [com.bstarbackend.bstar.BstarApplicationTests] from class [org.springframework.boot.test.context.SpringBootTestContextBootstrapper]
21:50:38.428 [Test worker] INFO org.springframework.boot.test.context.SpringBootTestContextBootstrapper - Neither @ContextConfiguration nor @ContextHierarchy found for test class [com.bstarbackend.bstar.BstarApplicationTests], using SpringBootContextLoader
21:50:38.436 [Test worker] DEBUG org.springframework.test.context.support.AbstractContextLoader - Did not detect default resource location for test class [com.bstarbackend.bstar.BstarApplicationTests]: class path resource [com/bstarbackend/bstar/BstarApplicationTests-context.xml] does not exist
21:50:38.437 [Test worker] DEBUG org.springframework.test.context.support.AbstractContextLoader - Did not detect default resource location for test class [com.bstarbackend.bstar.BstarApplicationTests]: class path resource [com/bstarbackend/bstar/BstarApplicationTestsContext.groovy] does not exist
21:50:38.437 [Test worker] INFO org.springframework.test.context.support.AbstractContextLoader - Could not detect default resource locations for test class [com.bstarbackend.bstar.BstarApplicationTests]: no resource found for suffixes {-context.xml, Context.groovy}.
21:50:38.438 [Test worker] INFO org.springframework.test.context.support.AnnotationConfigContextLoaderUtils - Could not detect default configuration classes for test class [com.bstarbackend.bstar.BstarApplicationTests]: BstarApplicationTests does not declare any static, non-private, non-final, nested classes annotated with @Configuration.
21:50:38.507 [Test worker] DEBUG org.springframework.test.context.support.ActiveProfilesUtils - Could not find an 'annotation declaring class' for annotation type [org.springframework.test.context.ActiveProfiles] and class [com.bstarbackend.bstar.BstarApplicationTests]
21:50:38.622 [Test worker] DEBUG org.springframework.context.annotation.ClassPathScanningCandidateComponentProvider - Identified candidate component class: file [C:\Users\yc180\OneDrive\바탕 화면\BackEnd-main\BackEnd-main\build\classes\java\main\com\bstarbackend\bstar\BstarApplication.class]
21:50:38.631 [Test worker] INFO org.springframework.boot.test.context.SpringBootTestContextBootstrapper - Found @SpringBootConfiguration com.bstarbackend.bstar.BstarApplication for test class com.bstarbackend.bstar.BstarApplicationTests
21:50:38.819 [Test worker] DEBUG org.springframework.boot.test.context.SpringBootTestContextBootstrapper - @TestExecutionListeners is not present for class [com.bstarbackend.bstar.BstarApplicationTests]: using defaults.
21:50:38.821 [Test worker] INFO org.springframework.boot.test.context.SpringBootTestContextBootstrapper - Loaded default TestExecutionListener class names from location [META-INF/spring.factories]: [org.springframework.security.test.context.support.WithSecurityContextTestExecutionListener, org.springframework.security.test.context.support.ReactorContextTestExecutionListener, org.springframework.boot.test.autoconfigure.restdocs.RestDocsTestExecutionListener, org.springframework.boot.test.autoconfigure.web.client.MockRestServiceServerResetTestExecutionListener, org.springframework.boot.test.autoconfigure.web.servlet.MockMvcPrintOnlyOnFailureTestExecutionListener, org.springframework.boot.test.autoconfigure.web.servlet.WebDriverTestExecutionListener, org.springframework.boot.test.autoconfigure.webservices.client.MockWebServiceServerTestExecutionListener, org.springframework.boot.test.mock.mockito.MockitoTestExecutionListener, org.springframework.boot.test.mock.mockito.ResetMocksTestExecutionListener, org.springframework.test.context.web.ServletTestExecutionListener, org.springframework.test.context.support.DirtiesContextBeforeModesTestExecutionListener, org.springframework.test.context.event.ApplicationEventsTestExecutionListener, org.springframework.test.context.support.DependencyInjectionTestExecutionListener, org.springframework.test.context.support.DirtiesContextTestExecutionListener, org.springframework.test.context.transaction.TransactionalTestExecutionListener, org.springframework.test.context.jdbc.SqlScriptsTestExecutionListener, org.springframework.test.context.event.EventPublishingTestExecutionListener]
21:50:38.864 [Test worker] INFO org.springframework.boot.test.context.SpringBootTestContextBootstrapper - Using TestExecutionListeners: [org.springframework.test.context.web.ServletTestExecutionListener@6ca320ab, org.springframework.test.context.support.DirtiesContextBeforeModesTestExecutionListener@50d68830, org.springframework.test.context.event.ApplicationEventsTestExecutionListener@1e53135d, org.springframework.boot.test.mock.mockito.MockitoTestExecutionListener@7674a051, org.springframework.boot.test.autoconfigure.SpringBootDependencyInjectionTestExecutionListener@3a7704c, org.springframework.test.context.support.DirtiesContextTestExecutionListener@6754ef00, org.springframework.test.context.transaction.TransactionalTestExecutionListener@619bd14c, org.springframework.test.context.jdbc.SqlScriptsTestExecutionListener@323e8306, org.springframework.security.test.context.support.WithSecurityContextTestExecutionListener@a23a01d, org.springframework.test.context.event.EventPublishingTestExecutionListener@4acf72b6, org.springframework.security.test.context.support.ReactorContextTestExecutionListener@7561db12, org.springframework.boot.test.autoconfigure.restdocs.RestDocsTestExecutionListener@3301500b, org.springframework.boot.test.autoconfigure.web.client.MockRestServiceServerResetTestExecutionListener@24b52d3e, org.springframework.boot.test.autoconfigure.web.servlet.MockMvcPrintOnlyOnFailureTestExecutionListener@15deb1dc, org.springframework.boot.test.autoconfigure.web.servlet.WebDriverTestExecutionListener@6e9c413e, org.springframework.boot.test.autoconfigure.webservices.client.MockWebServiceServerTestExecutionListener@57a4d5ee, org.springframework.boot.test.mock.mockito.ResetMocksTestExecutionListener@5af5def9]
21:50:38.872 [Test worker] DEBUG org.springframework.test.context.support.AbstractDirtiesContextTestExecutionListener - Before test class: context [DefaultTestContext@19868320 testClass = BstarApplicationTests, testInstance = [null], testMethod = [null], testException = [null], mergedContextConfiguration = [WebMergedContextConfiguration@50b0bc4c testClass = BstarApplicationTests, locations = '{}', classes = '{class com.bstarbackend.bstar.BstarApplication}', contextInitializerClasses = '[]', activeProfiles = '{}', propertySourceLocations = '{}', propertySourceProperties = '{org.springframework.boot.test.context.SpringBootTestContextBootstrapper=true}', contextCustomizers = set[org.springframework.boot.test.autoconfigure.actuate.metrics.MetricsExportContextCustomizerFactory$DisableMetricExportContextCustomizer@201b6b6f, org.springframework.boot.test.autoconfigure.properties.PropertyMappingContextCustomizer@0, org.springframework.boot.test.autoconfigure.web.servlet.WebDriverContextCustomizerFactory$Customizer@18230356, org.springframework.boot.test.context.filter.ExcludeFilterContextCustomizer@60d1a32f, org.springframework.boot.test.json.DuplicateJsonObjectContextCustomizerFactory$DuplicateJsonObjectContextCustomizer@40c80397, org.springframework.boot.test.mock.mockito.MockitoContextCustomizer@0, org.springframework.boot.test.web.client.TestRestTemplateContextCustomizer@47db5fa5, org.springframework.boot.test.context.SpringBootTestArgs@1, org.springframework.boot.test.context.SpringBootTestWebEnvironment@205d38da], resourceBasePath = 'src/main/webapp', contextLoader = 'org.springframework.boot.test.context.SpringBootContextLoader', parent = [null]], attributes = map['org.springframework.test.context.web.ServletTestExecutionListener.activateListener' -> true]], class annotated with @DirtiesContext [false] with mode [null].

  .   ____          _            __ _ _
 /\\ / ___'_ __ _ _(_)_ __  __ _ \ \ \ \
( ( )\___ | '_ | '_| | '_ \/ _` | \ \ \ \
 \\/  ___)| |_)| | | | | || (_| |  ) ) ) )
  '  |____| .__|_| |_|_| |_\__, | / / / /
 =========|_|==============|___/=/_/_/_/
 :: Spring Boot ::       (v2.7.9-SNAPSHOT)

2023-02-14 21:50:39.537  INFO 13320 --- [    Test worker] c.b.bstar.BstarApplicationTests          : Starting BstarApplicationTests using Java 11.0.17 on DESKTOP-H3AF6MA with PID 13320 (started by YC in C:\Users\yc180\OneDrive\바탕 화면\BackEnd-main\BackEnd-main)
2023-02-14 21:50:39.540  INFO 13320 --- [    Test worker] c.b.bstar.BstarApplicationTests          : The following 1 profile is active: "oauth"
2023-02-14 21:50:41.064  INFO 13320 --- [    Test worker] .s.d.r.c.RepositoryConfigurationDelegate : Bootstrapping Spring Data JPA repositories in DEFAULT mode.
2023-02-14 21:50:41.194  INFO 13320 --- [    Test worker] .s.d.r.c.RepositoryConfigurationDelegate : Finished Spring Data repository scanning in 114 ms. Found 3 JPA repository interfaces.
2023-02-14 21:50:42.136  INFO 13320 --- [    Test worker] com.zaxxer.hikari.HikariDataSource       : HikariPool-1 - Starting...
2023-02-14 21:50:42.603  INFO 13320 --- [    Test worker] com.zaxxer.hikari.HikariDataSource       : HikariPool-1 - Start completed.
2023-02-14 21:50:42.996  INFO 13320 --- [    Test worker] o.hibernate.jpa.internal.util.LogHelper  : HHH000204: Processing PersistenceUnitInfo [name: default]
2023-02-14 21:50:43.137  INFO 13320 --- [    Test worker] org.hibernate.Version                    : HHH000412: Hibernate ORM core version 5.6.14.Final
2023-02-14 21:50:43.506  INFO 13320 --- [    Test worker] o.hibernate.annotations.common.Version   : HCANN000001: Hibernate Commons Annotations {5.1.2.Final}
2023-02-14 21:50:43.820  INFO 13320 --- [    Test worker] org.hibernate.dialect.Dialect            : HHH000400: Using dialect: org.hibernate.dialect.MySQL57Dialect
Hibernate: drop table if exists `friends`
Hibernate: drop table if exists `settings`
Hibernate: drop table if exists `users`
Hibernate: create table `friends` (`id` bigint not null auto_increment, `friend_email` varchar(255) not null, `friend_name` varchar(255) not null, `my_email` varchar(255) not null, primary key (`id`)) engine=InnoDB
Hibernate: create table `settings` (`id` bigint not null auto_increment, `created_date` datetime(6), `modified_date` datetime(6), `blog_name` varchar(255) not null, `email` varchar(255), `introduction` varchar(255), `nick_name` varchar(255) not null, primary key (`id`)) engine=InnoDB
Hibernate: create table `users` (`id` bigint not null auto_increment, `created_date` datetime(6), `modified_date` datetime(6), `email` varchar(255) not null, `name` varchar(255) not null, `picture` varchar(255), `role` varchar(255) not null, primary key (`id`)) engine=InnoDB
2023-02-14 21:50:45.085  INFO 13320 --- [    Test worker] o.h.e.t.j.p.i.JtaPlatformInitiator       : HHH000490: Using JtaPlatform implementation: [org.hibernate.engine.transaction.jta.platform.internal.NoJtaPlatform]
2023-02-14 21:50:45.099  INFO 13320 --- [    Test worker] j.LocalContainerEntityManagerFactoryBean : Initialized JPA EntityManagerFactory for persistence unit 'default'
2023-02-14 21:50:45.948  WARN 13320 --- [    Test worker] JpaBaseConfiguration$JpaWebConfiguration : spring.jpa.open-in-view is enabled by default. Therefore, database queries may be performed during view rendering. Explicitly configure spring.jpa.open-in-view to disable this warning
2023-02-14 21:50:46.890  INFO 13320 --- [    Test worker] o.s.s.web.DefaultSecurityFilterChain     : Will secure any request with [org.springframework.security.web.session.DisableEncodeUrlFilter@5364b481, org.springframework.security.web.context.request.async.WebAsyncManagerIntegrationFilter@62ec4146, org.springframework.security.web.context.SecurityContextPersistenceFilter@682d8dad, org.springframework.security.web.header.HeaderWriterFilter@3d195d15, org.springframework.security.web.authentication.logout.LogoutFilter@116efe65, org.springframework.security.oauth2.client.web.OAuth2AuthorizationRequestRedirectFilter@21dd91da, org.springframework.security.oauth2.client.web.OAuth2LoginAuthenticationFilter@433db56d, org.springframework.security.web.savedrequest.RequestCacheAwareFilter@5dc7881d, org.springframework.security.web.servletapi.SecurityContextHolderAwareRequestFilter@496e0f9d, org.springframework.security.web.authentication.AnonymousAuthenticationFilter@362e709e, org.springframework.security.web.session.SessionManagementFilter@4028aab2, org.springframework.security.web.access.ExceptionTranslationFilter@402c415e, org.springframework.security.web.access.intercept.FilterSecurityInterceptor@30a5a58d]
2023-02-14 21:50:47.957  INFO 13320 --- [    Test worker] o.s.b.a.h2.H2ConsoleAutoConfiguration    : H2 console available at '/h2-console'. Database available at 'jdbc:h2:mem:testdb'
2023-02-14 21:50:47.984  INFO 13320 --- [    Test worker] o.s.b.a.w.s.WelcomePageHandlerMapping    : Adding welcome page: class path resource [static/index.html]
2023-02-14 21:50:48.848  INFO 13320 --- [    Test worker] s.a.ScheduledAnnotationBeanPostProcessor : No TaskScheduler/ScheduledExecutorService bean found for scheduled processing
2023-02-14 21:50:48.879  INFO 13320 --- [    Test worker] c.b.bstar.BstarApplicationTests          : Started BstarApplicationTests in 9.943 seconds (JVM running for 12.268)
]]></system-out>
  <system-err><![CDATA[]]></system-err>
</testsuite>
